#
# A fatal error has been detected by the Java Runtime Environment:
#
#  EXCEPTION_ACCESS_VIOLATION (0xc0000005) at pc=0x000000005c529297, pid=11396, tid=7812
#
# JRE version: Java(TM) SE Runtime Environment 18.9 (11.0.8+10) (build 11.0.8+10-LTS)
# Java VM: Java HotSpot(TM) 64-Bit Server VM 18.9 (11.0.8+10-LTS, mixed mode, tiered, compressed oops, g1 gc, windows-amd64)
# Problematic frame:
# C  [nvoglv64.dll+0xf29297]
#
# No core dump will be written. Minidumps are not enabled by default on client versions of Windows
#
# If you would like to submit a bug report, please visit:
#   https://bugreport.java.com/bugreport/crash.jsp
# The crash happened outside the Java Virtual Machine in native code.
# See problematic frame for where to report the bug.
#

---------------  S U M M A R Y ------------

Command Line: -javaagent:C:\Users\bob29\.gradle\caches\modules-2\files-2.1\org.jetbrains.kotlinx\kotlinx-coroutines-core-jvm\1.3.9\4be434f5e86c1998a273e7f19a7286440894f0b0\kotlinx-coroutines-core-jvm-1.3.9.jar -Dfile.encoding=windows-1251 -Duser.country=RU -Duser.language=ru -Duser.variant -ea MainKt

Host: Intel(R) Core(TM) i5-6600 CPU @ 3.30GHz, 4 cores, 31G,  Windows 10 , 64 bit Build 19041 (10.0.19041.546)
Time: Sun Oct 25 18:08:36 2020 RTZ 2 (зима) elapsed time: 1 seconds (0d 0h 0m 1s)

---------------  T H R E A D  ---------------

Current thread (0x00000212f7dc8800):  JavaThread "AWT-EventQueue-0 @coroutine#1" [_thread_in_native, id=7812, stack(0x0000001490b00000,0x0000001490c00000)]

Stack: [0x0000001490b00000,0x0000001490c00000],  sp=0x0000001490bfa6e8,  free space=1001k
Native frames: (J=compiled Java code, j=interpreted, Vv=VM code, C=native code)
C  [nvoglv64.dll+0xf29297]

Java frames: (J=compiled Java code, j=interpreted, Vv=VM code)
j  org.jetbrains.skija.Context._nFlush(J)J+0
j  org.jetbrains.skija.Context.flush()V+7
j  org.jetbrains.skiko.SkiaLayer.draw()V+240
v  ~StubRoutines::call_stub
j  org.jetbrains.skiko.HardwareLayer.redrawLayer()V+0
j  androidx.compose.desktop.FrameSkiaLayer.onFrame(JLkotlin/coroutines/Continuation;)Ljava/lang/Object;+162
j  androidx.compose.desktop.FrameSkiaLayer$onFrame$1.invokeSuspend(Ljava/lang/Object;)Ljava/lang/Object;+25
j  kotlin.coroutines.jvm.internal.BaseContinuationImpl.resumeWith(Ljava/lang/Object;)V+46
j  kotlinx.coroutines.DispatchedTask.run()V+297
j  java.awt.event.InvocationEvent.dispatch()V+47 java.desktop@11.0.8
j  java.awt.EventQueue.dispatchEventImpl(Ljava/awt/AWTEvent;Ljava/lang/Object;)V+21 java.desktop@11.0.8
j  java.awt.EventQueue$4.run()Ljava/lang/Void;+32 java.desktop@11.0.8
j  java.awt.EventQueue$4.run()Ljava/lang/Object;+1 java.desktop@11.0.8
v  ~StubRoutines::call_stub
j  java.security.AccessController.doPrivileged(Ljava/security/PrivilegedAction;Ljava/security/AccessControlContext;)Ljava/lang/Object;+0 java.base@11.0.8
j  java.security.ProtectionDomain$JavaSecurityAccessImpl.doIntersectionPrivilege(Ljava/security/PrivilegedAction;Ljava/security/AccessControlContext;Ljava/security/AccessControlContext;)Ljava/lang/Object;+18 java.base@11.0.8
j  java.awt.EventQueue.dispatchEvent(Ljava/awt/AWTEvent;)V+46 java.desktop@11.0.8
j  java.awt.EventDispatchThread.pumpOneEventForFilters(I)V+78 java.desktop@11.0.8
j  java.awt.EventDispatchThread.pumpEventsForFilter(ILjava/awt/Conditional;Ljava/awt/EventFilter;)V+35 java.desktop@11.0.8
j  java.awt.EventDispatchThread.pumpEventsForHierarchy(ILjava/awt/Conditional;Ljava/awt/Component;)V+11 java.desktop@11.0.8
j  java.awt.EventDispatchThread.pumpEvents(ILjava/awt/Conditional;)V+4 java.desktop@11.0.8
j  java.awt.EventDispatchThread.pumpEvents(Ljava/awt/Conditional;)V+3 java.desktop@11.0.8
j  java.awt.EventDispatchThread.run()V+9 java.desktop@11.0.8
v  ~StubRoutines::call_stub

siginfo: EXCEPTION_ACCESS_VIOLATION (0xc0000005), reading address 0x0000000000000000


Register to memory mapping:

RIP=0x000000005c529297 nvoglv64.dll
RAX=0x0000021280d5cc8c points into unknown readable memory: 00 00 00 00
RBX=0x0000021284fc8080 points into unknown readable memory: 00 00 00 00 00 00 00 00
RCX=0x0000000000000558 is an unknown value
RDX=0xfffffded7f2a3374 is an unknown value
RSP=0x0000001490bfa6e8 is pointing into the stack for thread: 0x00000212f7dc8800
RBP=0x0000000000001403 is an unknown value
RSI=0x0 is NULL
RDI=0x0000021280d5cc8c points into unknown readable memory: 00 00 00 00
R8 =0x0000000000000558 is an unknown value
R9 =0x0 is NULL
R10=0x0 is NULL
R11=0x00000000000002ac is an unknown value
R12=0x0 is NULL
R13=4096 is a compressed pointer to class: 0x0000000800001000
java.lang.Object {0x0000000800001008}
R14=0x0000000000000004 is an unknown value
R15=0x0000000000000580 is an unknown value


Registers:
RAX=0x0000021280d5cc8c, RBX=0x0000021284fc8080, RCX=0x0000000000000558, RDX=0xfffffded7f2a3374
RSP=0x0000001490bfa6e8, RBP=0x0000000000001403, RSI=0x0000000000000000, RDI=0x0000021280d5cc8c
R8 =0x0000000000000558, R9 =0x0000000000000000, R10=0x0000000000000000, R11=0x00000000000002ac
R12=0x0000000000000000, R13=0x0000000000001000, R14=0x0000000000000004, R15=0x0000000000000580
RIP=0x000000005c529297, EFLAGS=0x0000000000010207

Top of Stack: (sp=0x0000001490bfa6e8)
0x0000001490bfa6e8:   000000005bc8b4b3 000002128052ab98
0x0000001490bfa6f8:   0000000000000030 0000000000000010
0x0000001490bfa708:   0000000000000002 00000000000002ac
0x0000001490bfa718:   0000000000000000 0000021280cdd510
0x0000001490bfa728:   00007ffce14381e2 000000000000002d
0x0000001490bfa738:   0000000000000004 0000000000000004
0x0000001490bfa748:   0000000000000000 0000001400000001
0x0000001490bfa758:   000000000000002d 0000021200000000
0x0000001490bfa768:   00007ffce112b37c 0000021280aadc50
0x0000001490bfa778:   00007ffce130a7df 0000021280cdc300
0x0000001490bfa788:   0000000000000003 0000021280aadc50
0x0000001490bfa798:   00007ffce130a498 0000000000000000
0x0000001490bfa7a8:   0000001400000001 000002120000002d
0x0000001490bfa7b8:   0000021200000000 00000000000002ac
0x0000001490bfa7c8:   0000000000000072 0000000000000004
0x0000001490bfa7d8:   00007ffce1382a79 0000021280aadc50 

Instructions: (pc=0x000000005c529297)
0x000000005c529277:   0f ba 25 75 4f 57 01 01 0f 83 ab 01 00 00 49 8b
0x000000005c529287:   c3 4c 8b df 48 8b f9 49 8b c8 4c 8b c6 49 8b f2
0x000000005c529297:   f3 a4 49 8b f0 49 8b fb c3 0f 10 02 41 0f 10 4c
0x000000005c5292a7:   10 f0 0f 11 01 41 0f 11 4c 08 f0 48 8b c1 c3 66 


Stack slot to memory mapping:
stack at sp + 0 slots: 0x000000005bc8b4b3 nvoglv64.dll
stack at sp + 1 slots: 0x000002128052ab98 points into unknown readable memory: 58 7b 8e e1 fc 7f 00 00
stack at sp + 2 slots: 0x0000000000000030 is an unknown value
stack at sp + 3 slots: 0x0000000000000010 is an unknown value
stack at sp + 4 slots: 0x0000000000000002 is an unknown value
stack at sp + 5 slots: 0x00000000000002ac is an unknown value
stack at sp + 6 slots: 0x0 is NULL
stack at sp + 7 slots: 0x0000021280cdd510 points into unknown readable memory: 00 bf f4 5b 00 00 00 00


---------------  P R O C E S S  ---------------

Threads class SMR info:
_java_thread_list=0x0000021280cca8f0, length=17, elements={
0x00000212f6641000, 0x00000212f664a000, 0x00000212f669d000, 0x00000212f669e000,
0x00000212f66a0000, 0x00000212f66ac800, 0x00000212f66b2000, 0x00000212f681c800,
0x00000212f6c27000, 0x00000212f6c3a800, 0x00000212f6cc1000, 0x00000212f74de000,
0x00000212f7225000, 0x00000212f7226000, 0x00000212f7dc8800, 0x00000212f7e28800,
0x00000212c943d000
}

Java Threads: ( => current thread )
  0x00000212f6641000 JavaThread "Reference Handler" daemon [_thread_blocked, id=9252, stack(0x000000148f600000,0x000000148f700000)]
  0x00000212f664a000 JavaThread "Finalizer" daemon [_thread_blocked, id=15808, stack(0x000000148f700000,0x000000148f800000)]
  0x00000212f669d000 JavaThread "Signal Dispatcher" daemon [_thread_blocked, id=728, stack(0x000000148f800000,0x000000148f900000)]
  0x00000212f669e000 JavaThread "Attach Listener" daemon [_thread_blocked, id=17332, stack(0x000000148f900000,0x000000148fa00000)]
  0x00000212f66a0000 JavaThread "C2 CompilerThread0" daemon [_thread_blocked, id=5304, stack(0x000000148fa00000,0x000000148fb00000)]
  0x00000212f66ac800 JavaThread "C1 CompilerThread0" daemon [_thread_blocked, id=3876, stack(0x000000148fb00000,0x000000148fc00000)]
  0x00000212f66b2000 JavaThread "Sweeper thread" daemon [_thread_blocked, id=6220, stack(0x000000148fc00000,0x000000148fd00000)]
  0x00000212f681c800 JavaThread "Common-Cleaner" daemon [_thread_blocked, id=15536, stack(0x000000148fd00000,0x000000148fe00000)]
  0x00000212f6c27000 JavaThread "Coroutines Debugger Cleaner" daemon [_thread_blocked, id=16772, stack(0x000000148ff00000,0x0000001490000000)]
  0x00000212f6c3a800 JavaThread "Service Thread" daemon [_thread_blocked, id=14416, stack(0x0000001490000000,0x0000001490100000)]
  0x00000212f6cc1000 JavaThread "Cleaner-0" daemon [_thread_blocked, id=2612, stack(0x0000001490200000,0x0000001490300000)]
  0x00000212f74de000 JavaThread "Java2D Disposer" daemon [_thread_blocked, id=9860, stack(0x0000001490300000,0x0000001490400000)]
  0x00000212f7225000 JavaThread "AWT-Shutdown" [_thread_blocked, id=7600, stack(0x0000001490400000,0x0000001490500000)]
  0x00000212f7226000 JavaThread "AWT-Windows" daemon [_thread_in_native, id=7948, stack(0x0000001490500000,0x0000001490600000)]
=>0x00000212f7dc8800 JavaThread "AWT-EventQueue-0 @coroutine#1" [_thread_in_native, id=7812, stack(0x0000001490b00000,0x0000001490c00000)]
  0x00000212f7e28800 JavaThread "D3D Screen Updater" daemon [_thread_blocked, id=6796, stack(0x0000001490c00000,0x0000001490d00000)]
  0x00000212c943d000 JavaThread "DestroyJavaVM" [_thread_blocked, id=1144, stack(0x000000148ef00000,0x000000148f000000)]

Other Threads:
  0x00000212f661a800 VMThread "VM Thread" [stack: 0x000000148f500000,0x000000148f600000] [id=9760]
  0x00000212f6c22800 WatcherThread [stack: 0x0000001490100000,0x0000001490200000] [id=4804]
  0x00000212c9453000 GCTaskThread "GC Thread#0" [stack: 0x000000148f000000,0x000000148f100000] [id=2904]
  0x00000212f7dbe800 GCTaskThread "GC Thread#1" [stack: 0x000000148fe00000,0x000000148ff00000] [id=988]
  0x00000212f7d6a000 GCTaskThread "GC Thread#2" [stack: 0x0000001490800000,0x0000001490900000] [id=18324]
  0x00000212f7b79000 GCTaskThread "GC Thread#3" [stack: 0x0000001490900000,0x0000001490a00000] [id=1068]
  0x00000212c94d2800 ConcurrentGCThread "G1 Main Marker" [stack: 0x000000148f100000,0x000000148f200000] [id=5908]
  0x00000212c94d5000 ConcurrentGCThread "G1 Conc#0" [stack: 0x000000148f200000,0x000000148f300000] [id=9112]
  0x00000212f5c79000 ConcurrentGCThread "G1 Refine#0" [stack: 0x000000148f300000,0x000000148f400000] [id=2356]
  0x00000212f5c7a000 ConcurrentGCThread "G1 Young RemSet Sampling" [stack: 0x000000148f400000,0x000000148f500000] [id=2220]

Threads with active compile tasks:

VM state:not at safepoint (normal execution)

VM Mutex/Monitor currently owned by a thread: None

Heap address: 0x0000000600e00000, size: 8178 MB, Compressed Oops mode: Zero based, Oop shift amount: 3
Narrow klass base: 0x0000000800000000, Narrow klass shift: 0
Compressed class space size: 1073741824 Address: 0x0000000800000000

Heap:
 garbage-first heap   total 524288K, used 31094K [0x0000000600e00000, 0x0000000800000000)
  region size 2048K, 15 young (30720K), 1 survivors (2048K)
 Metaspace       used 25035K, capacity 25520K, committed 25728K, reserved 1073152K
  class space    used 2664K, capacity 2849K, committed 2944K, reserved 1048576K
Heap Regions: E=young(eden), S=young(survivor), O=old, HS=humongous(starts), HC=humongous(continues), CS=collection set, F=free, A=archive, TAMS=top-at-mark-start (previous, next)
|   0|0x0000000600e00000, 0x0000000601000000, 0x0000000601000000|100%| O|  |TAMS 0x0000000601000000, 0x0000000600e00000| Untracked 
|   1|0x0000000601000000, 0x000000060116fa00, 0x0000000601200000| 71%| O|  |TAMS 0x000000060116fa00, 0x0000000601000000| Untracked 
|   2|0x0000000601200000, 0x0000000601200000, 0x0000000601400000|  0%| F|  |TAMS 0x0000000601200000, 0x0000000601200000| Untracked 
|   3|0x0000000601400000, 0x0000000601400000, 0x0000000601600000|  0%| F|  |TAMS 0x0000000601400000, 0x0000000601400000| Untracked 
|   4|0x0000000601600000, 0x0000000601600000, 0x0000000601800000|  0%| F|  |TAMS 0x0000000601600000, 0x0000000601600000| Untracked 
|   5|0x0000000601800000, 0x0000000601800000, 0x0000000601a00000|  0%| F|  |TAMS 0x0000000601800000, 0x0000000601800000| Untracked 
|   6|0x0000000601a00000, 0x0000000601a00000, 0x0000000601c00000|  0%| F|  |TAMS 0x0000000601a00000, 0x0000000601a00000| Untracked 
|   7|0x0000000601c00000, 0x0000000601c00000, 0x0000000601e00000|  0%| F|  |TAMS 0x0000000601c00000, 0x0000000601c00000| Untracked 
|   8|0x0000000601e00000, 0x0000000601e00000, 0x0000000602000000|  0%| F|  |TAMS 0x0000000601e00000, 0x0000000601e00000| Untracked 
|   9|0x0000000602000000, 0x0000000602000000, 0x0000000602200000|  0%| F|  |TAMS 0x0000000602000000, 0x0000000602000000| Untracked 
|  10|0x0000000602200000, 0x0000000602200000, 0x0000000602400000|  0%| F|  |TAMS 0x0000000602200000, 0x0000000602200000| Untracked 
|  11|0x0000000602400000, 0x0000000602400000, 0x0000000602600000|  0%| F|  |TAMS 0x0000000602400000, 0x0000000602400000| Untracked 
|  12|0x0000000602600000, 0x0000000602600000, 0x0000000602800000|  0%| F|  |TAMS 0x0000000602600000, 0x0000000602600000| Untracked 
|  13|0x0000000602800000, 0x0000000602800000, 0x0000000602a00000|  0%| F|  |TAMS 0x0000000602800000, 0x0000000602800000| Untracked 
|  14|0x0000000602a00000, 0x0000000602a00000, 0x0000000602c00000|  0%| F|  |TAMS 0x0000000602a00000, 0x0000000602a00000| Untracked 
|  15|0x0000000602c00000, 0x0000000602c00000, 0x0000000602e00000|  0%| F|  |TAMS 0x0000000602c00000, 0x0000000602c00000| Untracked 
|  16|0x0000000602e00000, 0x0000000602e00000, 0x0000000603000000|  0%| F|  |TAMS 0x0000000602e00000, 0x0000000602e00000| Untracked 
|  17|0x0000000603000000, 0x0000000603000000, 0x0000000603200000|  0%| F|  |TAMS 0x0000000603000000, 0x0000000603000000| Untracked 
|  18|0x0000000603200000, 0x0000000603200000, 0x0000000603400000|  0%| F|  |TAMS 0x0000000603200000, 0x0000000603200000| Untracked 
|  19|0x0000000603400000, 0x0000000603400000, 0x0000000603600000|  0%| F|  |TAMS 0x0000000603400000, 0x0000000603400000| Untracked 
|  20|0x0000000603600000, 0x0000000603600000, 0x0000000603800000|  0%| F|  |TAMS 0x0000000603600000, 0x0000000603600000| Untracked 
|  21|0x0000000603800000, 0x0000000603800000, 0x0000000603a00000|  0%| F|  |TAMS 0x0000000603800000, 0x0000000603800000| Untracked 
|  22|0x0000000603a00000, 0x0000000603a00000, 0x0000000603c00000|  0%| F|  |TAMS 0x0000000603a00000, 0x0000000603a00000| Untracked 
|  23|0x0000000603c00000, 0x0000000603c00000, 0x0000000603e00000|  0%| F|  |TAMS 0x0000000603c00000, 0x0000000603c00000| Untracked 
|  24|0x0000000603e00000, 0x0000000603e00000, 0x0000000604000000|  0%| F|  |TAMS 0x0000000603e00000, 0x0000000603e00000| Untracked 
|  25|0x0000000604000000, 0x0000000604000000, 0x0000000604200000|  0%| F|  |TAMS 0x0000000604000000, 0x0000000604000000| Untracked 
|  26|0x0000000604200000, 0x0000000604200000, 0x0000000604400000|  0%| F|  |TAMS 0x0000000604200000, 0x0000000604200000| Untracked 
|  27|0x0000000604400000, 0x0000000604400000, 0x0000000604600000|  0%| F|  |TAMS 0x0000000604400000, 0x0000000604400000| Untracked 
|  28|0x0000000604600000, 0x0000000604600000, 0x0000000604800000|  0%| F|  |TAMS 0x0000000604600000, 0x0000000604600000| Untracked 
|  29|0x0000000604800000, 0x0000000604800000, 0x0000000604a00000|  0%| F|  |TAMS 0x0000000604800000, 0x0000000604800000| Untracked 
|  30|0x0000000604a00000, 0x0000000604a00000, 0x0000000604c00000|  0%| F|  |TAMS 0x0000000604a00000, 0x0000000604a00000| Untracked 
|  31|0x0000000604c00000, 0x0000000604c00000, 0x0000000604e00000|  0%| F|  |TAMS 0x0000000604c00000, 0x0000000604c00000| Untracked 
|  32|0x0000000604e00000, 0x0000000604e00000, 0x0000000605000000|  0%| F|  |TAMS 0x0000000604e00000, 0x0000000604e00000| Untracked 
|  33|0x0000000605000000, 0x0000000605000000, 0x0000000605200000|  0%| F|  |TAMS 0x0000000605000000, 0x0000000605000000| Untracked 
|  34|0x0000000605200000, 0x0000000605200000, 0x0000000605400000|  0%| F|  |TAMS 0x0000000605200000, 0x0000000605200000| Untracked 
|  35|0x0000000605400000, 0x0000000605400000, 0x0000000605600000|  0%| F|  |TAMS 0x0000000605400000, 0x0000000605400000| Untracked 
|  36|0x0000000605600000, 0x0000000605600000, 0x0000000605800000|  0%| F|  |TAMS 0x0000000605600000, 0x0000000605600000| Untracked 
|  37|0x0000000605800000, 0x0000000605800000, 0x0000000605a00000|  0%| F|  |TAMS 0x0000000605800000, 0x0000000605800000| Untracked 
|  38|0x0000000605a00000, 0x0000000605a00000, 0x0000000605c00000|  0%| F|  |TAMS 0x0000000605a00000, 0x0000000605a00000| Untracked 
|  39|0x0000000605c00000, 0x0000000605c00000, 0x0000000605e00000|  0%| F|  |TAMS 0x0000000605c00000, 0x0000000605c00000| Untracked 
|  40|0x0000000605e00000, 0x0000000605e00000, 0x0000000606000000|  0%| F|  |TAMS 0x0000000605e00000, 0x0000000605e00000| Untracked 
|  41|0x0000000606000000, 0x0000000606000000, 0x0000000606200000|  0%| F|  |TAMS 0x0000000606000000, 0x0000000606000000| Untracked 
|  42|0x0000000606200000, 0x0000000606200000, 0x0000000606400000|  0%| F|  |TAMS 0x0000000606200000, 0x0000000606200000| Untracked 
|  43|0x0000000606400000, 0x0000000606400000, 0x0000000606600000|  0%| F|  |TAMS 0x0000000606400000, 0x0000000606400000| Untracked 
|  44|0x0000000606600000, 0x0000000606600000, 0x0000000606800000|  0%| F|  |TAMS 0x0000000606600000, 0x0000000606600000| Untracked 
|  45|0x0000000606800000, 0x0000000606800000, 0x0000000606a00000|  0%| F|  |TAMS 0x0000000606800000, 0x0000000606800000| Untracked 
|  46|0x0000000606a00000, 0x0000000606a00000, 0x0000000606c00000|  0%| F|  |TAMS 0x0000000606a00000, 0x0000000606a00000| Untracked 
|  47|0x0000000606c00000, 0x0000000606c00000, 0x0000000606e00000|  0%| F|  |TAMS 0x0000000606c00000, 0x0000000606c00000| Untracked 
|  48|0x0000000606e00000, 0x0000000606e00000, 0x0000000607000000|  0%| F|  |TAMS 0x0000000606e00000, 0x0000000606e00000| Untracked 
|  49|0x0000000607000000, 0x0000000607000000, 0x0000000607200000|  0%| F|  |TAMS 0x0000000607000000, 0x0000000607000000| Untracked 
|  50|0x0000000607200000, 0x0000000607200000, 0x0000000607400000|  0%| F|  |TAMS 0x0000000607200000, 0x0000000607200000| Untracked 
|  51|0x0000000607400000, 0x0000000607400000, 0x0000000607600000|  0%| F|  |TAMS 0x0000000607400000, 0x0000000607400000| Untracked 
|  52|0x0000000607600000, 0x0000000607600000, 0x0000000607800000|  0%| F|  |TAMS 0x0000000607600000, 0x0000000607600000| Untracked 
|  53|0x0000000607800000, 0x0000000607800000, 0x0000000607a00000|  0%| F|  |TAMS 0x0000000607800000, 0x0000000607800000| Untracked 
|  54|0x0000000607a00000, 0x0000000607a00000, 0x0000000607c00000|  0%| F|  |TAMS 0x0000000607a00000, 0x0000000607a00000| Untracked 
|  55|0x0000000607c00000, 0x0000000607c00000, 0x0000000607e00000|  0%| F|  |TAMS 0x0000000607c00000, 0x0000000607c00000| Untracked 
|  56|0x0000000607e00000, 0x0000000607e00000, 0x0000000608000000|  0%| F|  |TAMS 0x0000000607e00000, 0x0000000607e00000| Untracked 
|  57|0x0000000608000000, 0x0000000608000000, 0x0000000608200000|  0%| F|  |TAMS 0x0000000608000000, 0x0000000608000000| Untracked 
|  58|0x0000000608200000, 0x0000000608200000, 0x0000000608400000|  0%| F|  |TAMS 0x0000000608200000, 0x0000000608200000| Untracked 
|  59|0x0000000608400000, 0x0000000608400000, 0x0000000608600000|  0%| F|  |TAMS 0x0000000608400000, 0x0000000608400000| Untracked 
|  60|0x0000000608600000, 0x0000000608600000, 0x0000000608800000|  0%| F|  |TAMS 0x0000000608600000, 0x0000000608600000| Untracked 
|  61|0x0000000608800000, 0x0000000608800000, 0x0000000608a00000|  0%| F|  |TAMS 0x0000000608800000, 0x0000000608800000| Untracked 
|  62|0x0000000608a00000, 0x0000000608a00000, 0x0000000608c00000|  0%| F|  |TAMS 0x0000000608a00000, 0x0000000608a00000| Untracked 
|  63|0x0000000608c00000, 0x0000000608c00000, 0x0000000608e00000|  0%| F|  |TAMS 0x0000000608c00000, 0x0000000608c00000| Untracked 
|  64|0x0000000608e00000, 0x0000000608e00000, 0x0000000609000000|  0%| F|  |TAMS 0x0000000608e00000, 0x0000000608e00000| Untracked 
|  65|0x0000000609000000, 0x0000000609000000, 0x0000000609200000|  0%| F|  |TAMS 0x0000000609000000, 0x0000000609000000| Untracked 
|  66|0x0000000609200000, 0x0000000609200000, 0x0000000609400000|  0%| F|  |TAMS 0x0000000609200000, 0x0000000609200000| Untracked 
|  67|0x0000000609400000, 0x0000000609400000, 0x0000000609600000|  0%| F|  |TAMS 0x0000000609400000, 0x0000000609400000| Untracked 
|  68|0x0000000609600000, 0x0000000609600000, 0x0000000609800000|  0%| F|  |TAMS 0x0000000609600000, 0x0000000609600000| Untracked 
|  69|0x0000000609800000, 0x0000000609800000, 0x0000000609a00000|  0%| F|  |TAMS 0x0000000609800000, 0x0000000609800000| Untracked 
|  70|0x0000000609a00000, 0x0000000609a00000, 0x0000000609c00000|  0%| F|  |TAMS 0x0000000609a00000, 0x0000000609a00000| Untracked 
|  71|0x0000000609c00000, 0x0000000609c00000, 0x0000000609e00000|  0%| F|  |TAMS 0x0000000609c00000, 0x0000000609c00000| Untracked 
|  72|0x0000000609e00000, 0x0000000609e00000, 0x000000060a000000|  0%| F|  |TAMS 0x0000000609e00000, 0x0000000609e00000| Untracked 
|  73|0x000000060a000000, 0x000000060a000000, 0x000000060a200000|  0%| F|  |TAMS 0x000000060a000000, 0x000000060a000000| Untracked 
|  74|0x000000060a200000, 0x000000060a200000, 0x000000060a400000|  0%| F|  |TAMS 0x000000060a200000, 0x000000060a200000| Untracked 
|  75|0x000000060a400000, 0x000000060a400000, 0x000000060a600000|  0%| F|  |TAMS 0x000000060a400000, 0x000000060a400000| Untracked 
|  76|0x000000060a600000, 0x000000060a600000, 0x000000060a800000|  0%| F|  |TAMS 0x000000060a600000, 0x000000060a600000| Untracked 
|  77|0x000000060a800000, 0x000000060a800000, 0x000000060aa00000|  0%| F|  |TAMS 0x000000060a800000, 0x000000060a800000| Untracked 
|  78|0x000000060aa00000, 0x000000060aa00000, 0x000000060ac00000|  0%| F|  |TAMS 0x000000060aa00000, 0x000000060aa00000| Untracked 
|  79|0x000000060ac00000, 0x000000060ac00000, 0x000000060ae00000|  0%| F|  |TAMS 0x000000060ac00000, 0x000000060ac00000| Untracked 
|  80|0x000000060ae00000, 0x000000060ae00000, 0x000000060b000000|  0%| F|  |TAMS 0x000000060ae00000, 0x000000060ae00000| Untracked 
|  81|0x000000060b000000, 0x000000060b000000, 0x000000060b200000|  0%| F|  |TAMS 0x000000060b000000, 0x000000060b000000| Untracked 
|  82|0x000000060b200000, 0x000000060b200000, 0x000000060b400000|  0%| F|  |TAMS 0x000000060b200000, 0x000000060b200000| Untracked 
|  83|0x000000060b400000, 0x000000060b400000, 0x000000060b600000|  0%| F|  |TAMS 0x000000060b400000, 0x000000060b400000| Untracked 
|  84|0x000000060b600000, 0x000000060b600000, 0x000000060b800000|  0%| F|  |TAMS 0x000000060b600000, 0x000000060b600000| Untracked 
|  85|0x000000060b800000, 0x000000060b800000, 0x000000060ba00000|  0%| F|  |TAMS 0x000000060b800000, 0x000000060b800000| Untracked 
|  86|0x000000060ba00000, 0x000000060ba00000, 0x000000060bc00000|  0%| F|  |TAMS 0x000000060ba00000, 0x000000060ba00000| Untracked 
|  87|0x000000060bc00000, 0x000000060bc00000, 0x000000060be00000|  0%| F|  |TAMS 0x000000060bc00000, 0x000000060bc00000| Untracked 
|  88|0x000000060be00000, 0x000000060be00000, 0x000000060c000000|  0%| F|  |TAMS 0x000000060be00000, 0x000000060be00000| Untracked 
|  89|0x000000060c000000, 0x000000060c000000, 0x000000060c200000|  0%| F|  |TAMS 0x000000060c000000, 0x000000060c000000| Untracked 
|  90|0x000000060c200000, 0x000000060c200000, 0x000000060c400000|  0%| F|  |TAMS 0x000000060c200000, 0x000000060c200000| Untracked 
|  91|0x000000060c400000, 0x000000060c400000, 0x000000060c600000|  0%| F|  |TAMS 0x000000060c400000, 0x000000060c400000| Untracked 
|  92|0x000000060c600000, 0x000000060c600000, 0x000000060c800000|  0%| F|  |TAMS 0x000000060c600000, 0x000000060c600000| Untracked 
|  93|0x000000060c800000, 0x000000060c800000, 0x000000060ca00000|  0%| F|  |TAMS 0x000000060c800000, 0x000000060c800000| Untracked 
|  94|0x000000060ca00000, 0x000000060ca00000, 0x000000060cc00000|  0%| F|  |TAMS 0x000000060ca00000, 0x000000060ca00000| Untracked 
|  95|0x000000060cc00000, 0x000000060cc00000, 0x000000060ce00000|  0%| F|  |TAMS 0x000000060cc00000, 0x000000060cc00000| Untracked 
|  96|0x000000060ce00000, 0x000000060ce00000, 0x000000060d000000|  0%| F|  |TAMS 0x000000060ce00000, 0x000000060ce00000| Untracked 
|  97|0x000000060d000000, 0x000000060d000000, 0x000000060d200000|  0%| F|  |TAMS 0x000000060d000000, 0x000000060d000000| Untracked 
|  98|0x000000060d200000, 0x000000060d200000, 0x000000060d400000|  0%| F|  |TAMS 0x000000060d200000, 0x000000060d200000| Untracked 
|  99|0x000000060d400000, 0x000000060d400000, 0x000000060d600000|  0%| F|  |TAMS 0x000000060d400000, 0x000000060d400000| Untracked 
| 100|0x000000060d600000, 0x000000060d600000, 0x000000060d800000|  0%| F|  |TAMS 0x000000060d600000, 0x000000060d600000| Untracked 
| 101|0x000000060d800000, 0x000000060d800000, 0x000000060da00000|  0%| F|  |TAMS 0x000000060d800000, 0x000000060d800000| Untracked 
| 102|0x000000060da00000, 0x000000060da00000, 0x000000060dc00000|  0%| F|  |TAMS 0x000000060da00000, 0x000000060da00000| Untracked 
| 103|0x000000060dc00000, 0x000000060dc00000, 0x000000060de00000|  0%| F|  |TAMS 0x000000060dc00000, 0x000000060dc00000| Untracked 
| 104|0x000000060de00000, 0x000000060de00000, 0x000000060e000000|  0%| F|  |TAMS 0x000000060de00000, 0x000000060de00000| Untracked 
| 105|0x000000060e000000, 0x000000060e000000, 0x000000060e200000|  0%| F|  |TAMS 0x000000060e000000, 0x000000060e000000| Untracked 
| 106|0x000000060e200000, 0x000000060e200000, 0x000000060e400000|  0%| F|  |TAMS 0x000000060e200000, 0x000000060e200000| Untracked 
| 107|0x000000060e400000, 0x000000060e400000, 0x000000060e600000|  0%| F|  |TAMS 0x000000060e400000, 0x000000060e400000| Untracked 
| 108|0x000000060e600000, 0x000000060e600000, 0x000000060e800000|  0%| F|  |TAMS 0x000000060e600000, 0x000000060e600000| Untracked 
| 109|0x000000060e800000, 0x000000060e800000, 0x000000060ea00000|  0%| F|  |TAMS 0x000000060e800000, 0x000000060e800000| Untracked 
| 110|0x000000060ea00000, 0x000000060ea00000, 0x000000060ec00000|  0%| F|  |TAMS 0x000000060ea00000, 0x000000060ea00000| Untracked 
| 111|0x000000060ec00000, 0x000000060ec00000, 0x000000060ee00000|  0%| F|  |TAMS 0x000000060ec00000, 0x000000060ec00000| Untracked 
| 112|0x000000060ee00000, 0x000000060ee00000, 0x000000060f000000|  0%| F|  |TAMS 0x000000060ee00000, 0x000000060ee00000| Untracked 
| 113|0x000000060f000000, 0x000000060f000000, 0x000000060f200000|  0%| F|  |TAMS 0x000000060f000000, 0x000000060f000000| Untracked 
| 114|0x000000060f200000, 0x000000060f200000, 0x000000060f400000|  0%| F|  |TAMS 0x000000060f200000, 0x000000060f200000| Untracked 
| 115|0x000000060f400000, 0x000000060f400000, 0x000000060f600000|  0%| F|  |TAMS 0x000000060f400000, 0x000000060f400000| Untracked 
| 116|0x000000060f600000, 0x000000060f600000, 0x000000060f800000|  0%| F|  |TAMS 0x000000060f600000, 0x000000060f600000| Untracked 
| 117|0x000000060f800000, 0x000000060f800000, 0x000000060fa00000|  0%| F|  |TAMS 0x000000060f800000, 0x000000060f800000| Untracked 
| 118|0x000000060fa00000, 0x000000060fa00000, 0x000000060fc00000|  0%| F|  |TAMS 0x000000060fa00000, 0x000000060fa00000| Untracked 
| 119|0x000000060fc00000, 0x000000060fc00000, 0x000000060fe00000|  0%| F|  |TAMS 0x000000060fc00000, 0x000000060fc00000| Untracked 
| 120|0x000000060fe00000, 0x000000060fe00000, 0x0000000610000000|  0%| F|  |TAMS 0x000000060fe00000, 0x000000060fe00000| Untracked 
| 121|0x0000000610000000, 0x0000000610000000, 0x0000000610200000|  0%| F|  |TAMS 0x0000000610000000, 0x0000000610000000| Untracked 
| 122|0x0000000610200000, 0x0000000610200000, 0x0000000610400000|  0%| F|  |TAMS 0x0000000610200000, 0x0000000610200000| Untracked 
| 123|0x0000000610400000, 0x0000000610400000, 0x0000000610600000|  0%| F|  |TAMS 0x0000000610400000, 0x0000000610400000| Untracked 
| 124|0x0000000610600000, 0x0000000610600000, 0x0000000610800000|  0%| F|  |TAMS 0x0000000610600000, 0x0000000610600000| Untracked 
| 125|0x0000000610800000, 0x0000000610800000, 0x0000000610a00000|  0%| F|  |TAMS 0x0000000610800000, 0x0000000610800000| Untracked 
| 126|0x0000000610a00000, 0x0000000610a00000, 0x0000000610c00000|  0%| F|  |TAMS 0x0000000610a00000, 0x0000000610a00000| Untracked 
| 127|0x0000000610c00000, 0x0000000610c00000, 0x0000000610e00000|  0%| F|  |TAMS 0x0000000610c00000, 0x0000000610c00000| Untracked 
| 128|0x0000000610e00000, 0x0000000610e00000, 0x0000000611000000|  0%| F|  |TAMS 0x0000000610e00000, 0x0000000610e00000| Untracked 
| 129|0x0000000611000000, 0x0000000611000000, 0x0000000611200000|  0%| F|  |TAMS 0x0000000611000000, 0x0000000611000000| Untracked 
| 130|0x0000000611200000, 0x0000000611200000, 0x0000000611400000|  0%| F|  |TAMS 0x0000000611200000, 0x0000000611200000| Untracked 
| 131|0x0000000611400000, 0x0000000611400000, 0x0000000611600000|  0%| F|  |TAMS 0x0000000611400000, 0x0000000611400000| Untracked 
| 132|0x0000000611600000, 0x0000000611600000, 0x0000000611800000|  0%| F|  |TAMS 0x0000000611600000, 0x0000000611600000| Untracked 
| 133|0x0000000611800000, 0x0000000611800000, 0x0000000611a00000|  0%| F|  |TAMS 0x0000000611800000, 0x0000000611800000| Untracked 
| 134|0x0000000611a00000, 0x0000000611a00000, 0x0000000611c00000|  0%| F|  |TAMS 0x0000000611a00000, 0x0000000611a00000| Untracked 
| 135|0x0000000611c00000, 0x0000000611c00000, 0x0000000611e00000|  0%| F|  |TAMS 0x0000000611c00000, 0x0000000611c00000| Untracked 
| 136|0x0000000611e00000, 0x0000000611e00000, 0x0000000612000000|  0%| F|  |TAMS 0x0000000611e00000, 0x0000000611e00000| Untracked 
| 137|0x0000000612000000, 0x0000000612000000, 0x0000000612200000|  0%| F|  |TAMS 0x0000000612000000, 0x0000000612000000| Untracked 
| 138|0x0000000612200000, 0x0000000612200000, 0x0000000612400000|  0%| F|  |TAMS 0x0000000612200000, 0x0000000612200000| Untracked 
| 139|0x0000000612400000, 0x0000000612400000, 0x0000000612600000|  0%| F|  |TAMS 0x0000000612400000, 0x0000000612400000| Untracked 
| 140|0x0000000612600000, 0x0000000612600000, 0x0000000612800000|  0%| F|  |TAMS 0x0000000612600000, 0x0000000612600000| Untracked 
| 141|0x0000000612800000, 0x0000000612800000, 0x0000000612a00000|  0%| F|  |TAMS 0x0000000612800000, 0x0000000612800000| Untracked 
| 142|0x0000000612a00000, 0x0000000612a00000, 0x0000000612c00000|  0%| F|  |TAMS 0x0000000612a00000, 0x0000000612a00000| Untracked 
| 143|0x0000000612c00000, 0x0000000612c00000, 0x0000000612e00000|  0%| F|  |TAMS 0x0000000612c00000, 0x0000000612c00000| Untracked 
| 144|0x0000000612e00000, 0x0000000612e00000, 0x0000000613000000|  0%| F|  |TAMS 0x0000000612e00000, 0x0000000612e00000| Untracked 
| 145|0x0000000613000000, 0x0000000613000000, 0x0000000613200000|  0%| F|  |TAMS 0x0000000613000000, 0x0000000613000000| Untracked 
| 146|0x0000000613200000, 0x0000000613200000, 0x0000000613400000|  0%| F|  |TAMS 0x0000000613200000, 0x0000000613200000| Untracked 
| 147|0x0000000613400000, 0x0000000613400000, 0x0000000613600000|  0%| F|  |TAMS 0x0000000613400000, 0x0000000613400000| Untracked 
| 148|0x0000000613600000, 0x0000000613600000, 0x0000000613800000|  0%| F|  |TAMS 0x0000000613600000, 0x0000000613600000| Untracked 
| 149|0x0000000613800000, 0x0000000613800000, 0x0000000613a00000|  0%| F|  |TAMS 0x0000000613800000, 0x0000000613800000| Untracked 
| 150|0x0000000613a00000, 0x0000000613a00000, 0x0000000613c00000|  0%| F|  |TAMS 0x0000000613a00000, 0x0000000613a00000| Untracked 
| 151|0x0000000613c00000, 0x0000000613c00000, 0x0000000613e00000|  0%| F|  |TAMS 0x0000000613c00000, 0x0000000613c00000| Untracked 
| 152|0x0000000613e00000, 0x0000000613e00000, 0x0000000614000000|  0%| F|  |TAMS 0x0000000613e00000, 0x0000000613e00000| Untracked 
| 153|0x0000000614000000, 0x0000000614000000, 0x0000000614200000|  0%| F|  |TAMS 0x0000000614000000, 0x0000000614000000| Untracked 
| 154|0x0000000614200000, 0x0000000614200000, 0x0000000614400000|  0%| F|  |TAMS 0x0000000614200000, 0x0000000614200000| Untracked 
| 155|0x0000000614400000, 0x0000000614400000, 0x0000000614600000|  0%| F|  |TAMS 0x0000000614400000, 0x0000000614400000| Untracked 
| 156|0x0000000614600000, 0x0000000614600000, 0x0000000614800000|  0%| F|  |TAMS 0x0000000614600000, 0x0000000614600000| Untracked 
| 157|0x0000000614800000, 0x0000000614800000, 0x0000000614a00000|  0%| F|  |TAMS 0x0000000614800000, 0x0000000614800000| Untracked 
| 158|0x0000000614a00000, 0x0000000614a00000, 0x0000000614c00000|  0%| F|  |TAMS 0x0000000614a00000, 0x0000000614a00000| Untracked 
| 159|0x0000000614c00000, 0x0000000614c00000, 0x0000000614e00000|  0%| F|  |TAMS 0x0000000614c00000, 0x0000000614c00000| Untracked 
| 160|0x0000000614e00000, 0x0000000614e00000, 0x0000000615000000|  0%| F|  |TAMS 0x0000000614e00000, 0x0000000614e00000| Untracked 
| 161|0x0000000615000000, 0x0000000615000000, 0x0000000615200000|  0%| F|  |TAMS 0x0000000615000000, 0x0000000615000000| Untracked 
| 162|0x0000000615200000, 0x0000000615200000, 0x0000000615400000|  0%| F|  |TAMS 0x0000000615200000, 0x0000000615200000| Untracked 
| 163|0x0000000615400000, 0x0000000615400000, 0x0000000615600000|  0%| F|  |TAMS 0x0000000615400000, 0x0000000615400000| Untracked 
| 164|0x0000000615600000, 0x0000000615600000, 0x0000000615800000|  0%| F|  |TAMS 0x0000000615600000, 0x0000000615600000| Untracked 
| 165|0x0000000615800000, 0x0000000615800000, 0x0000000615a00000|  0%| F|  |TAMS 0x0000000615800000, 0x0000000615800000| Untracked 
| 166|0x0000000615a00000, 0x0000000615a00000, 0x0000000615c00000|  0%| F|  |TAMS 0x0000000615a00000, 0x0000000615a00000| Untracked 
| 167|0x0000000615c00000, 0x0000000615c00000, 0x0000000615e00000|  0%| F|  |TAMS 0x0000000615c00000, 0x0000000615c00000| Untracked 
| 168|0x0000000615e00000, 0x0000000615e00000, 0x0000000616000000|  0%| F|  |TAMS 0x0000000615e00000, 0x0000000615e00000| Untracked 
| 169|0x0000000616000000, 0x0000000616000000, 0x0000000616200000|  0%| F|  |TAMS 0x0000000616000000, 0x0000000616000000| Untracked 
| 170|0x0000000616200000, 0x0000000616200000, 0x0000000616400000|  0%| F|  |TAMS 0x0000000616200000, 0x0000000616200000| Untracked 
| 171|0x0000000616400000, 0x0000000616400000, 0x0000000616600000|  0%| F|  |TAMS 0x0000000616400000, 0x0000000616400000| Untracked 
| 172|0x0000000616600000, 0x0000000616600000, 0x0000000616800000|  0%| F|  |TAMS 0x0000000616600000, 0x0000000616600000| Untracked 
| 173|0x0000000616800000, 0x0000000616800000, 0x0000000616a00000|  0%| F|  |TAMS 0x0000000616800000, 0x0000000616800000| Untracked 
| 174|0x0000000616a00000, 0x0000000616a00000, 0x0000000616c00000|  0%| F|  |TAMS 0x0000000616a00000, 0x0000000616a00000| Untracked 
| 175|0x0000000616c00000, 0x0000000616c00000, 0x0000000616e00000|  0%| F|  |TAMS 0x0000000616c00000, 0x0000000616c00000| Untracked 
| 176|0x0000000616e00000, 0x0000000616e00000, 0x0000000617000000|  0%| F|  |TAMS 0x0000000616e00000, 0x0000000616e00000| Untracked 
| 177|0x0000000617000000, 0x0000000617000000, 0x0000000617200000|  0%| F|  |TAMS 0x0000000617000000, 0x0000000617000000| Untracked 
| 178|0x0000000617200000, 0x0000000617200000, 0x0000000617400000|  0%| F|  |TAMS 0x0000000617200000, 0x0000000617200000| Untracked 
| 179|0x0000000617400000, 0x0000000617400000, 0x0000000617600000|  0%| F|  |TAMS 0x0000000617400000, 0x0000000617400000| Untracked 
| 180|0x0000000617600000, 0x0000000617600000, 0x0000000617800000|  0%| F|  |TAMS 0x0000000617600000, 0x0000000617600000| Untracked 
| 181|0x0000000617800000, 0x0000000617800000, 0x0000000617a00000|  0%| F|  |TAMS 0x0000000617800000, 0x0000000617800000| Untracked 
| 182|0x0000000617a00000, 0x0000000617a00000, 0x0000000617c00000|  0%| F|  |TAMS 0x0000000617a00000, 0x0000000617a00000| Untracked 
| 183|0x0000000617c00000, 0x0000000617c00000, 0x0000000617e00000|  0%| F|  |TAMS 0x0000000617c00000, 0x0000000617c00000| Untracked 
| 184|0x0000000617e00000, 0x0000000617e00000, 0x0000000618000000|  0%| F|  |TAMS 0x0000000617e00000, 0x0000000617e00000| Untracked 
| 185|0x0000000618000000, 0x0000000618000000, 0x0000000618200000|  0%| F|  |TAMS 0x0000000618000000, 0x0000000618000000| Untracked 
| 186|0x0000000618200000, 0x0000000618200000, 0x0000000618400000|  0%| F|  |TAMS 0x0000000618200000, 0x0000000618200000| Untracked 
| 187|0x0000000618400000, 0x0000000618400000, 0x0000000618600000|  0%| F|  |TAMS 0x0000000618400000, 0x0000000618400000| Untracked 
| 188|0x0000000618600000, 0x0000000618600000, 0x0000000618800000|  0%| F|  |TAMS 0x0000000618600000, 0x0000000618600000| Untracked 
| 189|0x0000000618800000, 0x0000000618800000, 0x0000000618a00000|  0%| F|  |TAMS 0x0000000618800000, 0x0000000618800000| Untracked 
| 190|0x0000000618a00000, 0x0000000618a00000, 0x0000000618c00000|  0%| F|  |TAMS 0x0000000618a00000, 0x0000000618a00000| Untracked 
| 191|0x0000000618c00000, 0x0000000618c00000, 0x0000000618e00000|  0%| F|  |TAMS 0x0000000618c00000, 0x0000000618c00000| Untracked 
| 192|0x0000000618e00000, 0x0000000618e00000, 0x0000000619000000|  0%| F|  |TAMS 0x0000000618e00000, 0x0000000618e00000| Untracked 
| 193|0x0000000619000000, 0x0000000619000000, 0x0000000619200000|  0%| F|  |TAMS 0x0000000619000000, 0x0000000619000000| Untracked 
| 194|0x0000000619200000, 0x0000000619200000, 0x0000000619400000|  0%| F|  |TAMS 0x0000000619200000, 0x0000000619200000| Untracked 
| 195|0x0000000619400000, 0x0000000619400000, 0x0000000619600000|  0%| F|  |TAMS 0x0000000619400000, 0x0000000619400000| Untracked 
| 196|0x0000000619600000, 0x0000000619600000, 0x0000000619800000|  0%| F|  |TAMS 0x0000000619600000, 0x0000000619600000| Untracked 
| 197|0x0000000619800000, 0x0000000619800000, 0x0000000619a00000|  0%| F|  |TAMS 0x0000000619800000, 0x0000000619800000| Untracked 
| 198|0x0000000619a00000, 0x0000000619a00000, 0x0000000619c00000|  0%| F|  |TAMS 0x0000000619a00000, 0x0000000619a00000| Untracked 
| 199|0x0000000619c00000, 0x0000000619c00000, 0x0000000619e00000|  0%| F|  |TAMS 0x0000000619c00000, 0x0000000619c00000| Untracked 
| 200|0x0000000619e00000, 0x0000000619e00000, 0x000000061a000000|  0%| F|  |TAMS 0x0000000619e00000, 0x0000000619e00000| Untracked 
| 201|0x000000061a000000, 0x000000061a000000, 0x000000061a200000|  0%| F|  |TAMS 0x000000061a000000, 0x000000061a000000| Untracked 
| 202|0x000000061a200000, 0x000000061a200000, 0x000000061a400000|  0%| F|  |TAMS 0x000000061a200000, 0x000000061a200000| Untracked 
| 203|0x000000061a400000, 0x000000061a400000, 0x000000061a600000|  0%| F|  |TAMS 0x000000061a400000, 0x000000061a400000| Untracked 
| 204|0x000000061a600000, 0x000000061a600000, 0x000000061a800000|  0%| F|  |TAMS 0x000000061a600000, 0x000000061a600000| Untracked 
| 205|0x000000061a800000, 0x000000061a800000, 0x000000061aa00000|  0%| F|  |TAMS 0x000000061a800000, 0x000000061a800000| Untracked 
| 206|0x000000061aa00000, 0x000000061aa00000, 0x000000061ac00000|  0%| F|  |TAMS 0x000000061aa00000, 0x000000061aa00000| Untracked 
| 207|0x000000061ac00000, 0x000000061ac00000, 0x000000061ae00000|  0%| F|  |TAMS 0x000000061ac00000, 0x000000061ac00000| Untracked 
| 208|0x000000061ae00000, 0x000000061ae00000, 0x000000061b000000|  0%| F|  |TAMS 0x000000061ae00000, 0x000000061ae00000| Untracked 
| 209|0x000000061b000000, 0x000000061b000000, 0x000000061b200000|  0%| F|  |TAMS 0x000000061b000000, 0x000000061b000000| Untracked 
| 210|0x000000061b200000, 0x000000061b200000, 0x000000061b400000|  0%| F|  |TAMS 0x000000061b200000, 0x000000061b200000| Untracked 
| 211|0x000000061b400000, 0x000000061b400000, 0x000000061b600000|  0%| F|  |TAMS 0x000000061b400000, 0x000000061b400000| Untracked 
| 212|0x000000061b600000, 0x000000061b600000, 0x000000061b800000|  0%| F|  |TAMS 0x000000061b600000, 0x000000061b600000| Untracked 
| 213|0x000000061b800000, 0x000000061b800000, 0x000000061ba00000|  0%| F|  |TAMS 0x000000061b800000, 0x000000061b800000| Untracked 
| 214|0x000000061ba00000, 0x000000061ba00000, 0x000000061bc00000|  0%| F|  |TAMS 0x000000061ba00000, 0x000000061ba00000| Untracked 
| 215|0x000000061bc00000, 0x000000061bc00000, 0x000000061be00000|  0%| F|  |TAMS 0x000000061bc00000, 0x000000061bc00000| Untracked 
| 216|0x000000061be00000, 0x000000061be00000, 0x000000061c000000|  0%| F|  |TAMS 0x000000061be00000, 0x000000061be00000| Untracked 
| 217|0x000000061c000000, 0x000000061c000000, 0x000000061c200000|  0%| F|  |TAMS 0x000000061c000000, 0x000000061c000000| Untracked 
| 218|0x000000061c200000, 0x000000061c200000, 0x000000061c400000|  0%| F|  |TAMS 0x000000061c200000, 0x000000061c200000| Untracked 
| 219|0x000000061c400000, 0x000000061c400000, 0x000000061c600000|  0%| F|  |TAMS 0x000000061c400000, 0x000000061c400000| Untracked 
| 220|0x000000061c600000, 0x000000061c600000, 0x000000061c800000|  0%| F|  |TAMS 0x000000061c600000, 0x000000061c600000| Untracked 
| 221|0x000000061c800000, 0x000000061c800000, 0x000000061ca00000|  0%| F|  |TAMS 0x000000061c800000, 0x000000061c800000| Untracked 
| 222|0x000000061ca00000, 0x000000061ca00000, 0x000000061cc00000|  0%| F|  |TAMS 0x000000061ca00000, 0x000000061ca00000| Untracked 
| 223|0x000000061cc00000, 0x000000061cc00000, 0x000000061ce00000|  0%| F|  |TAMS 0x000000061cc00000, 0x000000061cc00000| Untracked 
| 224|0x000000061ce00000, 0x000000061ce00000, 0x000000061d000000|  0%| F|  |TAMS 0x000000061ce00000, 0x000000061ce00000| Untracked 
| 225|0x000000061d000000, 0x000000061d000000, 0x000000061d200000|  0%| F|  |TAMS 0x000000061d000000, 0x000000061d000000| Untracked 
| 226|0x000000061d200000, 0x000000061d200000, 0x000000061d400000|  0%| F|  |TAMS 0x000000061d200000, 0x000000061d200000| Untracked 
| 227|0x000000061d400000, 0x000000061d400000, 0x000000061d600000|  0%| F|  |TAMS 0x000000061d400000, 0x000000061d400000| Untracked 
| 228|0x000000061d600000, 0x000000061d600000, 0x000000061d800000|  0%| F|  |TAMS 0x000000061d600000, 0x000000061d600000| Untracked 
| 229|0x000000061d800000, 0x000000061d800000, 0x000000061da00000|  0%| F|  |TAMS 0x000000061d800000, 0x000000061d800000| Untracked 
| 230|0x000000061da00000, 0x000000061da00000, 0x000000061dc00000|  0%| F|  |TAMS 0x000000061da00000, 0x000000061da00000| Untracked 
| 231|0x000000061dc00000, 0x000000061dc00000, 0x000000061de00000|  0%| F|  |TAMS 0x000000061dc00000, 0x000000061dc00000| Untracked 
| 232|0x000000061de00000, 0x000000061de00000, 0x000000061e000000|  0%| F|  |TAMS 0x000000061de00000, 0x000000061de00000| Untracked 
| 233|0x000000061e000000, 0x000000061e000000, 0x000000061e200000|  0%| F|  |TAMS 0x000000061e000000, 0x000000061e000000| Untracked 
| 234|0x000000061e200000, 0x000000061e200000, 0x000000061e400000|  0%| F|  |TAMS 0x000000061e200000, 0x000000061e200000| Untracked 
| 235|0x000000061e400000, 0x000000061e400000, 0x000000061e600000|  0%| F|  |TAMS 0x000000061e400000, 0x000000061e400000| Untracked 
| 236|0x000000061e600000, 0x000000061e600000, 0x000000061e800000|  0%| F|  |TAMS 0x000000061e600000, 0x000000061e600000| Untracked 
| 237|0x000000061e800000, 0x000000061e800000, 0x000000061ea00000|  0%| F|  |TAMS 0x000000061e800000, 0x000000061e800000| Untracked 
| 238|0x000000061ea00000, 0x000000061ea00000, 0x000000061ec00000|  0%| F|  |TAMS 0x000000061ea00000, 0x000000061ea00000| Untracked 
| 239|0x000000061ec00000, 0x000000061ec00000, 0x000000061ee00000|  0%| F|  |TAMS 0x000000061ec00000, 0x000000061ec00000| Untracked 
| 240|0x000000061ee00000, 0x000000061ee00000, 0x000000061f000000|  0%| F|  |TAMS 0x000000061ee00000, 0x000000061ee00000| Untracked 
| 241|0x000000061f000000, 0x000000061f0ee1c0, 0x000000061f200000| 46%| S|CS|TAMS 0x000000061f000000, 0x000000061f000000| Complete 
| 242|0x000000061f200000, 0x000000061f200800, 0x000000061f400000|  0%| E|  |TAMS 0x000000061f200000, 0x000000061f200000| Complete 
| 243|0x000000061f400000, 0x000000061f600000, 0x000000061f600000|100%| E|CS|TAMS 0x000000061f400000, 0x000000061f400000| Complete 
| 244|0x000000061f600000, 0x000000061f800000, 0x000000061f800000|100%| E|CS|TAMS 0x000000061f600000, 0x000000061f600000| Complete 
| 245|0x000000061f800000, 0x000000061fa00000, 0x000000061fa00000|100%| E|CS|TAMS 0x000000061f800000, 0x000000061f800000| Complete 
| 246|0x000000061fa00000, 0x000000061fc00000, 0x000000061fc00000|100%| E|CS|TAMS 0x000000061fa00000, 0x000000061fa00000| Complete 
| 247|0x000000061fc00000, 0x000000061fe00000, 0x000000061fe00000|100%| E|CS|TAMS 0x000000061fc00000, 0x000000061fc00000| Complete 
| 248|0x000000061fe00000, 0x0000000620000000, 0x0000000620000000|100%| E|CS|TAMS 0x000000061fe00000, 0x000000061fe00000| Complete 
| 249|0x0000000620000000, 0x0000000620200000, 0x0000000620200000|100%| E|CS|TAMS 0x0000000620000000, 0x0000000620000000| Complete 
| 250|0x0000000620200000, 0x0000000620400000, 0x0000000620400000|100%| E|CS|TAMS 0x0000000620200000, 0x0000000620200000| Complete 
| 251|0x0000000620400000, 0x0000000620600000, 0x0000000620600000|100%| E|CS|TAMS 0x0000000620400000, 0x0000000620400000| Complete 
| 252|0x0000000620600000, 0x0000000620800000, 0x0000000620800000|100%| E|CS|TAMS 0x0000000620600000, 0x0000000620600000| Complete 
| 253|0x0000000620800000, 0x0000000620a00000, 0x0000000620a00000|100%| E|CS|TAMS 0x0000000620800000, 0x0000000620800000| Complete 
| 254|0x0000000620a00000, 0x0000000620c00000, 0x0000000620c00000|100%| E|CS|TAMS 0x0000000620a00000, 0x0000000620a00000| Complete 
| 255|0x0000000620c00000, 0x0000000620e00000, 0x0000000620e00000|100%| E|CS|TAMS 0x0000000620c00000, 0x0000000620c00000| Complete 

Card table byte_map: [0x00000212e1850000,0x00000212e2850000] _byte_map_base: 0x00000212de849000

Marking Bits (Prev, Next): (CMBitMap*) 0x00000212c94c1dd0, (CMBitMap*) 0x00000212c94c1d98
 Prev Bits: [0x00000212eb820000, 0x00000212f37e8000)
 Next Bits: [0x00000212e3850000, 0x00000212eb818000)

Polling page: 0x00000212c73c0000

Metaspace:

Usage:
  Non-class:     22.14 MB capacity,    21.85 MB ( 99%) used,   241.13 KB (  1%) free+waste,    53.06 KB ( <1%) overhead. 
      Class:      2.78 MB capacity,     2.60 MB ( 94%) used,   157.99 KB (  6%) free+waste,    25.69 KB ( <1%) overhead. 
       Both:     24.92 MB capacity,    24.46 MB ( 98%) used,   399.13 KB (  2%) free+waste,    78.75 KB ( <1%) overhead. 

Virtual space:
  Non-class space:       24.00 MB reserved,      22.25 MB ( 93%) committed 
      Class space:        1.00 GB reserved,       2.88 MB ( <1%) committed 
             Both:        1.02 GB reserved,      25.13 MB (  2%) committed 

Chunk freelists:
   Non-Class:  6.13 KB
       Class:  0 bytes
        Both:  6.13 KB

CodeHeap 'non-profiled nmethods': size=120064Kb used=682Kb max_used=682Kb free=119381Kb
 bounds [0x00000212d9310000, 0x00000212d9580000, 0x00000212e0850000]
CodeHeap 'profiled nmethods': size=120000Kb used=2875Kb max_used=2875Kb free=117125Kb
 bounds [0x00000212d1de0000, 0x00000212d20b0000, 0x00000212d9310000]
CodeHeap 'non-nmethods': size=5696Kb used=1454Kb max_used=1463Kb free=4241Kb
 bounds [0x00000212d1850000, 0x00000212d1ac0000, 0x00000212d1de0000]
 total_blobs=2517 nmethods=1605 adapters=823
 compilation: enabled
              stopped_count=0, restarted_count=0
 full_count=0

Compilation events (10 events):
Event: 1.366 Thread 0x00000212f66ac800 1599       3       androidx.compose.runtime.Anchor::getValid (13 bytes)
Event: 1.366 Thread 0x00000212f66ac800 nmethod 1599 0x00000212d20ab110 code [0x00000212d20ab2c0, 0x00000212d20ab478]
Event: 1.472 Thread 0x00000212f66ac800 1601       3       jdk.internal.reflect.ClassFileAssembler::emitByte (11 bytes)
Event: 1.472 Thread 0x00000212f66ac800 nmethod 1601 0x00000212d20ab510 code [0x00000212d20ab6c0, 0x00000212d20ab8b0]
Event: 1.472 Thread 0x00000212f66ac800 1602       3       jdk.internal.reflect.ByteVectorImpl::add (38 bytes)
Event: 1.473 Thread 0x00000212f66ac800 nmethod 1602 0x00000212d20ab990 code [0x00000212d20abb40, 0x00000212d20abd70]
Event: 1.473 Thread 0x00000212f66ac800 1603       3       java.lang.invoke.VarHandleGuards::guard_LII_Z (70 bytes)
Event: 1.474 Thread 0x00000212f66ac800 nmethod 1603 0x00000212d20abe90 code [0x00000212d20ac120, 0x00000212d20ad250]
Event: 1.474 Thread 0x00000212f66ac800 1604       3       java.lang.invoke.VarHandleInts$FieldInstanceReadWrite::compareAndSet (24 bytes)
Event: 1.475 Thread 0x00000212f66ac800 nmethod 1604 0x00000212d20ad790 code [0x00000212d20ad980, 0x00000212d20adeb0]

GC Heap History (4 events):
Event: 0.667 GC heap before
{Heap before GC invocations=0 (full 0):
 garbage-first heap   total 524288K, used 22528K [0x0000000600e00000, 0x0000000800000000)
  region size 2048K, 12 young (24576K), 0 survivors (0K)
 Metaspace       used 15171K, capacity 15558K, committed 15744K, reserved 1062912K
  class space    used 1460K, capacity 1639K, committed 1664K, reserved 1048576K
}
Event: 0.670 GC heap after
{Heap after GC invocations=1 (full 0):
 garbage-first heap   total 524288K, used 3532K [0x0000000600e00000, 0x0000000800000000)
  region size 2048K, 2 young (4096K), 2 survivors (4096K)
 Metaspace       used 15171K, capacity 15558K, committed 15744K, reserved 1062912K
  class space    used 1460K, capacity 1639K, committed 1664K, reserved 1048576K
}
Event: 0.986 GC heap before
{Heap before GC invocations=1 (full 0):
 garbage-first heap   total 524288K, used 24012K [0x0000000600e00000, 0x0000000800000000)
  region size 2048K, 14 young (28672K), 2 survivors (4096K)
 Metaspace       used 20621K, capacity 21054K, committed 21248K, reserved 1069056K
  class space    used 2131K, capacity 2299K, committed 2304K, reserved 1048576K
}
Event: 0.990 GC heap after
{Heap after GC invocations=2 (full 0):
 garbage-first heap   total 524288K, used 4470K [0x0000000600e00000, 0x0000000800000000)
  region size 2048K, 1 young (2048K), 1 survivors (2048K)
 Metaspace       used 20621K, capacity 21054K, committed 21248K, reserved 1069056K
  class space    used 2131K, capacity 2299K, committed 2304K, reserved 1048576K
}

Deoptimization events (10 events):
Event: 0.374 Thread 0x00000212c943d000 Uncommon trap: reason=unstable_if action=reinterpret pc=0x00000212d9329680 method=java.io.WinNTFileSystem.isSlash(C)Z @ 9 c2
Event: 0.511 Thread 0x00000212c943d000 Uncommon trap: reason=unstable_if action=reinterpret pc=0x00000212d9336570 method=java.lang.String.startsWith(Ljava/lang/String;I)Z @ 1 c2
Event: 0.646 Thread 0x00000212c943d000 Uncommon trap: reason=unstable_if action=reinterpret pc=0x00000212d9319578 method=java.lang.String.isLatin1()Z @ 10 c2
Event: 0.661 Thread 0x00000212c943d000 Uncommon trap: reason=unstable_if action=reinterpret pc=0x00000212d931d100 method=java.util.HashMap.putVal(ILjava/lang/Object;Ljava/lang/Object;ZZ)Ljava/lang/Object; @ 181 c2
Event: 0.665 Thread 0x00000212c943d000 Uncommon trap: reason=unstable_if action=reinterpret pc=0x00000212d9347c74 method=java.util.HashMap.hash(Ljava/lang/Object;)I @ 1 c2
Event: 1.048 Thread 0x00000212f7dc8800 Uncommon trap: reason=unstable_if action=reinterpret pc=0x00000212d937c118 method=java.util.HashMap.getNode(ILjava/lang/Object;)Ljava/util/HashMap$Node; @ 62 c2
Event: 1.050 Thread 0x00000212f7dc8800 Uncommon trap: reason=class_check action=maybe_recompile pc=0x00000212d9319960 method=java.lang.String.equals(Ljava/lang/Object;)Z @ 8 c2
Event: 1.050 Thread 0x00000212f7dc8800 Uncommon trap: reason=class_check action=maybe_recompile pc=0x00000212d9319960 method=java.lang.String.equals(Ljava/lang/Object;)Z @ 8 c2
Event: 1.051 Thread 0x00000212f7dc8800 Uncommon trap: reason=class_check action=maybe_recompile pc=0x00000212d9319960 method=java.lang.String.equals(Ljava/lang/Object;)Z @ 8 c2
Event: 1.051 Thread 0x00000212f7dc8800 Uncommon trap: reason=class_check action=maybe_recompile pc=0x00000212d9319960 method=java.lang.String.equals(Ljava/lang/Object;)Z @ 8 c2

Classes redefined (0 events):
No events

Internal exceptions (10 events):
Event: 0.491 Thread 0x00000212c943d000 Exception <a 'java/lang/NoSuchMethodError'{0x000000061f8c0e40}: java.lang.invoke.DirectMethodHandle$Holder.invokeStatic(Ljava/lang/Object;Ljava/lang/Object;Ljava/lang/Object;Ljava/lang/Object;Ljava/lang/Object;Ljava/lang/Object;Ljava/lang/Object;Ljava/lan
Event: 0.493 Thread 0x00000212c943d000 Exception <a 'java/lang/NoSuchMethodError'{0x000000061f8e00c0}: java.lang.invoke.DirectMethodHandle$Holder.invokeStatic(Ljava/lang/Object;Ljava/lang/Object;Ljava/lang/Object;Ljava/lang/Object;Ljava/lang/Object;Ljava/lang/Object;Ljava/lang/Object;Ljava/lan
Event: 0.494 Thread 0x00000212c943d000 Exception <a 'java/lang/NoSuchMethodError'{0x000000061f900228}: java.lang.invoke.DirectMethodHandle$Holder.invokeStatic(Ljava/lang/Object;Ljava/lang/Object;Ljava/lang/Object;Ljava/lang/Object;Ljava/lang/Object;Ljava/lang/Object;Ljava/lang/Object;Ljava/lan
Event: 0.496 Thread 0x00000212c943d000 Exception <a 'java/lang/NoSuchMethodError'{0x000000061f9218a0}: java.lang.invoke.DirectMethodHandle$Holder.invokeStatic(Ljava/lang/Object;Ljava/lang/Object;Ljava/lang/Object;Ljava/lang/Object;Ljava/lang/Object;Ljava/lang/Object;Ljava/lang/Object;Ljava/lan
Event: 0.502 Thread 0x00000212c943d000 Exception <a 'java/lang/NoSuchMethodError'{0x000000061f9a2610}: java.lang.invoke.DirectMethodHandle$Holder.invokeStatic(Ljava/lang/Object;Ljava/lang/Object;Ljava/lang/Object;Ljava/lang/Object;Ljava/lang/Object;Ljava/lang/Object;Ljava/lang/Object;Ljava/lan
Event: 0.503 Thread 0x00000212c943d000 Exception <a 'java/lang/NoSuchMethodError'{0x000000061f9affc0}: java.lang.invoke.DirectMethodHandle$Holder.invokeStatic(Ljava/lang/Object;Ljava/lang/Object;Ljava/lang/Object;Ljava/lang/Object;Ljava/lang/Object;Ljava/lang/Object;Ljava/lang/Object;Ljava/lan
Event: 0.510 Thread 0x00000212c943d000 Exception <a 'java/lang/ClassNotFoundException'{0x000000061f60bff0}: com/sun/java/swing/plaf/windows/resources/spi/windowsProvider> (0x000000061f60bff0) thrown at [./open/src/hotspot/share/classfile/systemDictionary.cpp, line 228]
Event: 0.511 Thread 0x00000212c943d000 Exception <a 'java/lang/ClassNotFoundException'{0x000000061f614860}: com/sun/swing/internal/plaf/basic/resources/spi/basicProvider> (0x000000061f614860) thrown at [./open/src/hotspot/share/classfile/systemDictionary.cpp, line 228]
Event: 0.665 Thread 0x00000212c943d000 Implicit null exception at 0x00000212d9347bd8 to 0x00000212d9347c6a
Event: 0.961 Thread 0x00000212c943d000 Exception <a 'java/lang/NoSuchMethodError'{0x000000061f7b43a0}: java.lang.invoke.Invokers$Holder.linkToTargetMethod(Ljava/lang/Object;ILjava/lang/Object;)Ljava/lang/Object;> (0x000000061f7b43a0) thrown at [./open/src/hotspot/share/interpreter/linkResolver

Events (10 events):
Event: 1.472 loading class jdk/internal/reflect/Label
Event: 1.473 loading class jdk/internal/reflect/Label done
Event: 1.473 loading class jdk/internal/reflect/Label$PatchInfo
Event: 1.473 loading class jdk/internal/reflect/Label$PatchInfo done
Event: 1.473 loading class jdk/internal/reflect/MethodAccessorGenerator$1
Event: 1.473 loading class jdk/internal/reflect/MethodAccessorGenerator$1 done
Event: 1.473 loading class jdk/internal/reflect/ClassDefiner
Event: 1.473 loading class jdk/internal/reflect/ClassDefiner done
Event: 1.473 loading class jdk/internal/reflect/ClassDefiner$1
Event: 1.473 loading class jdk/internal/reflect/ClassDefiner$1 done


Dynamic libraries:
0x00007ff68be20000 - 0x00007ff68be2f000 	C:\Program Files\Java\jdk-11.0.8\bin\java.exe
0x00007ffd48390000 - 0x00007ffd48586000 	C:\WINDOWS\SYSTEM32\ntdll.dll
0x00007ffd46bf0000 - 0x00007ffd46cad000 	C:\WINDOWS\System32\KERNEL32.DLL
0x00007ffd45cd0000 - 0x00007ffd45f98000 	C:\WINDOWS\System32\KERNELBASE.dll
0x00007ffd45fa0000 - 0x00007ffd460a0000 	C:\WINDOWS\System32\ucrtbase.dll
0x00007ffd3f820000 - 0x00007ffd3f838000 	C:\Program Files\Java\jdk-11.0.8\bin\jli.dll
0x00007ffd3c030000 - 0x00007ffd3c045000 	C:\Program Files\Java\jdk-11.0.8\bin\VCRUNTIME140.dll
0x00007ffd465c0000 - 0x00007ffd4666a000 	C:\WINDOWS\System32\ADVAPI32.dll
0x00007ffd46cb0000 - 0x00007ffd46d4e000 	C:\WINDOWS\System32\msvcrt.dll
0x00007ffd46520000 - 0x00007ffd465bb000 	C:\WINDOWS\System32\sechost.dll
0x00007ffd47ab0000 - 0x00007ffd47bd4000 	C:\WINDOWS\System32\RPCRT4.dll
0x00007ffd46910000 - 0x00007ffd46ab0000 	C:\WINDOWS\System32\USER32.dll
0x00007ffd45ca0000 - 0x00007ffd45cc2000 	C:\WINDOWS\System32\win32u.dll
0x00007ffd468e0000 - 0x00007ffd4690a000 	C:\WINDOWS\System32\GDI32.dll
0x00007ffd45b90000 - 0x00007ffd45c99000 	C:\WINDOWS\System32\gdi32full.dll
0x00007ffd462b0000 - 0x00007ffd4634d000 	C:\WINDOWS\System32\msvcp_win.dll
0x00007ffd36350000 - 0x00007ffd365eb000 	C:\WINDOWS\WinSxS\amd64_microsoft.windows.common-controls_6595b64144ccf1df_6.0.19041.488_none_ca04af081b815d21\COMCTL32.dll
0x00007ffd3ef10000 - 0x00007ffd3ef1a000 	C:\WINDOWS\SYSTEM32\VERSION.dll
0x00007ffd480b0000 - 0x00007ffd480e0000 	C:\WINDOWS\System32\IMM32.DLL
0x00007ffd154c0000 - 0x00007ffd1555b000 	C:\Program Files\Java\jdk-11.0.8\bin\msvcp140.dll
0x00007ffce6af0000 - 0x00007ffce75d6000 	C:\Program Files\Java\jdk-11.0.8\bin\server\jvm.dll
0x00007ffd481a0000 - 0x00007ffd481a8000 	C:\WINDOWS\System32\PSAPI.DLL
0x00007ffd2d560000 - 0x00007ffd2d569000 	C:\WINDOWS\SYSTEM32\WSOCK32.dll
0x00007ffd37480000 - 0x00007ffd374a7000 	C:\WINDOWS\SYSTEM32\WINMM.dll
0x00007ffd481b0000 - 0x00007ffd4821b000 	C:\WINDOWS\System32\WS2_32.dll
0x00007ffd43a50000 - 0x00007ffd43a62000 	C:\WINDOWS\SYSTEM32\kernel.appcore.dll
0x00007ffd411e0000 - 0x00007ffd411f0000 	C:\Program Files\Java\jdk-11.0.8\bin\verify.dll
0x00007ffd2e070000 - 0x00007ffd2e254000 	C:\WINDOWS\SYSTEM32\DBGHELP.DLL
0x00007ffd2e000000 - 0x00007ffd2e02c000 	C:\WINDOWS\SYSTEM32\dbgcore.DLL
0x00007ffd46350000 - 0x00007ffd463cf000 	C:\WINDOWS\System32\bcryptPrimitives.dll
0x00007ffd16110000 - 0x00007ffd16138000 	C:\Program Files\Java\jdk-11.0.8\bin\java.dll
0x00007ffd3c9f0000 - 0x00007ffd3c9fa000 	C:\Program Files\Java\jdk-11.0.8\bin\jimage.dll
0x00007ffd43370000 - 0x00007ffd4337e000 	C:\Program Files\Java\jdk-11.0.8\bin\instrument.dll
0x00007ffd25e10000 - 0x00007ffd25e26000 	C:\Program Files\Java\jdk-11.0.8\bin\zip.dll
0x00007ffd46d80000 - 0x00007ffd474c0000 	C:\WINDOWS\System32\SHELL32.dll
0x00007ffd43c50000 - 0x00007ffd443e4000 	C:\WINDOWS\SYSTEM32\windows.storage.dll
0x00007ffd47c60000 - 0x00007ffd47fb5000 	C:\WINDOWS\System32\combase.dll
0x00007ffd454e0000 - 0x00007ffd4550c000 	C:\WINDOWS\SYSTEM32\Wldp.dll
0x00007ffd46680000 - 0x00007ffd4672e000 	C:\WINDOWS\System32\SHCORE.dll
0x00007ffd48050000 - 0x00007ffd480a5000 	C:\WINDOWS\System32\shlwapi.dll
0x00007ffd45a10000 - 0x00007ffd45a36000 	C:\WINDOWS\SYSTEM32\profapi.dll
0x00007ffd154a0000 - 0x00007ffd154b9000 	C:\Program Files\Java\jdk-11.0.8\bin\net.dll
0x00007ffd374b0000 - 0x00007ffd375b0000 	C:\WINDOWS\SYSTEM32\WINHTTP.dll
0x00007ffd45200000 - 0x00007ffd4526a000 	C:\WINDOWS\system32\mswsock.dll
0x00007ffd15480000 - 0x00007ffd15492000 	C:\Program Files\Java\jdk-11.0.8\bin\nio.dll
0x00007ffd13db0000 - 0x00007ffd13f4a000 	C:\Program Files\Java\jdk-11.0.8\bin\awt.dll
0x00007ffd474c0000 - 0x00007ffd4758d000 	C:\WINDOWS\System32\OLEAUT32.dll
0x00007ffd433c0000 - 0x00007ffd43450000 	C:\WINDOWS\SYSTEM32\apphelp.dll
0x00007ffce0f30000 - 0x00007ffce1b77000 	C:\Users\bob29\.skiko\503c6c88677a4d8fd380ee904fb0bdbb367b080490eff3b94918244aaa3d8504.dll
0x00007ffd11b10000 - 0x00007ffd11c35000 	C:\WINDOWS\SYSTEM32\OPENGL32.dll
0x00007ffd1f9d0000 - 0x00007ffd1f9fc000 	C:\WINDOWS\SYSTEM32\GLU32.dll
0x00007ffd43590000 - 0x00007ffd4362f000 	C:\WINDOWS\system32\uxtheme.dll
0x00007ffd46400000 - 0x00007ffd46515000 	C:\WINDOWS\System32\MSCTF.dll
0x00007ffd48220000 - 0x00007ffd4834a000 	C:\WINDOWS\System32\ole32.dll
0x00007ffd43760000 - 0x00007ffd4378f000 	C:\WINDOWS\system32\DWMAPI.DLL
0x00007ffd3b690000 - 0x00007ffd3b85e000 	C:\WINDOWS\system32\d3d9.dll
0x00007ffd3be80000 - 0x00007ffd3bf6e000 	C:\WINDOWS\System32\DriverStore\FileRepository\nv_dispi.inf_amd64_827405c7c65146ab\nvldumdx.dll
0x00007ffd460f0000 - 0x00007ffd4624d000 	C:\WINDOWS\System32\crypt32.dll
0x00007ffd46250000 - 0x00007ffd462b0000 	C:\WINDOWS\System32\WINTRUST.DLL
0x00007ffd456d0000 - 0x00007ffd456e2000 	C:\WINDOWS\SYSTEM32\MSASN1.dll
0x00007ffd46d60000 - 0x00007ffd46d7d000 	C:\WINDOWS\System32\imagehlp.dll
0x00007ffd453d0000 - 0x00007ffd453e8000 	C:\WINDOWS\SYSTEM32\CRYPTSP.dll
0x00007ffd44b90000 - 0x00007ffd44bc4000 	C:\WINDOWS\system32\rsaenh.dll
0x00007ffd463d0000 - 0x00007ffd463f7000 	C:\WINDOWS\System32\bcrypt.dll
0x00007ffd453f0000 - 0x00007ffd453fc000 	C:\WINDOWS\SYSTEM32\CRYPTBASE.dll
0x00007ffcf2680000 - 0x00007ffcf3b49000 	C:\WINDOWS\System32\DriverStore\FileRepository\nv_dispi.inf_amd64_827405c7c65146ab\nvd3dumx.dll
0x00007ffd455a0000 - 0x00007ffd455eb000 	C:\WINDOWS\SYSTEM32\powrprof.dll
0x00007ffd45550000 - 0x00007ffd45562000 	C:\WINDOWS\SYSTEM32\UMPDC.dll
0x00007ffd1c1c0000 - 0x00007ffd1c46e000 	C:\WINDOWS\system32\nvspcap64.dll
0x00007ffd44820000 - 0x00007ffd44853000 	C:\WINDOWS\SYSTEM32\ntmarta.dll
0x00007ffd44400000 - 0x00007ffd44423000 	C:\WINDOWS\SYSTEM32\gpapi.dll
0x00007ffd35620000 - 0x00007ffd35651000 	C:\WINDOWS\SYSTEM32\cryptnet.dll
0x00007ffd3c820000 - 0x00007ffd3c85b000 	C:\WINDOWS\SYSTEM32\dxcore.dll
0x00007ffd460a0000 - 0x00007ffd460ee000 	C:\WINDOWS\System32\cfgmgr32.dll
0x00007ffd3bc10000 - 0x00007ffd3bc92000 	C:\Program Files\Java\jdk-11.0.8\bin\freetype.dll
0x00007ffd149a0000 - 0x00007ffd14a46000 	C:\Program Files\Java\jdk-11.0.8\bin\fontmanager.dll
0x00007ffd34ff0000 - 0x00007ffd3526f000 	C:\WINDOWS\SYSTEM32\dwrite.dll
0x00007ffd3c470000 - 0x00007ffd3c56c000 	C:\WINDOWS\SYSTEM32\textinputframework.dll
0x00007ffd42d50000 - 0x00007ffd430ae000 	C:\WINDOWS\System32\CoreUIComponents.dll
0x00007ffd430b0000 - 0x00007ffd431a2000 	C:\WINDOWS\System32\CoreMessaging.dll
0x00007ffd42550000 - 0x00007ffd426a6000 	C:\WINDOWS\SYSTEM32\wintypes.dll
0x00007ffd43300000 - 0x00007ffd43307000 	C:\Program Files\Java\jdk-11.0.8\bin\jawt.dll
0x00007ffd47a00000 - 0x00007ffd47aa9000 	C:\WINDOWS\System32\clbcatq.dll
0x00007ffd3ed60000 - 0x00007ffd3ee5a000 	C:\Windows\System32\AppXDeploymentClient.dll
0x000000005b600000 - 0x000000005dc39000 	C:\WINDOWS\System32\DriverStore\FileRepository\nv_dispi.inf_amd64_827405c7c65146ab\nvoglv64.dll
0x00007ffd47590000 - 0x00007ffd479f7000 	C:\WINDOWS\System32\SETUPAPI.dll
0x00007ffd418a0000 - 0x00007ffd418b4000 	C:\WINDOWS\SYSTEM32\WTSAPI32.dll
0x00007ffd45890000 - 0x00007ffd458bc000 	C:\WINDOWS\System32\DEVOBJ.dll
0x00007ffd45430000 - 0x00007ffd4548a000 	C:\WINDOWS\SYSTEM32\WINSTA.dll

dbghelp: loaded successfully - version: 4.0.5 - missing functions: none
symbol engine: initialized successfully - sym options: 0x614 - pdb path: .;C:\Program Files\Java\jdk-11.0.8\bin;C:\WINDOWS\SYSTEM32;C:\WINDOWS\WinSxS\amd64_microsoft.windows.common-controls_6595b64144ccf1df_6.0.19041.488_none_ca04af081b815d21;C:\Program Files\Java\jdk-11.0.8\bin\server;C:\Users\bob29\.skiko;C:\WINDOWS\System32\DriverStore\FileRepository\nv_dispi.inf_amd64_827405c7c65146ab

VM Arguments:
jvm_args: -javaagent:C:\Users\bob29\.gradle\caches\modules-2\files-2.1\org.jetbrains.kotlinx\kotlinx-coroutines-core-jvm\1.3.9\4be434f5e86c1998a273e7f19a7286440894f0b0\kotlinx-coroutines-core-jvm-1.3.9.jar -Dfile.encoding=windows-1251 -Duser.country=RU -Duser.language=ru -Duser.variant -ea 
java_command: MainKt
java_class_path (initial): D:\Development\Compose\desktopSample\build\classes\java\main;D:\Development\Compose\desktopSample\build\classes\kotlin\main;D:\Development\Compose\desktopSample\build\resources\main;C:\Users\bob29\.gradle\caches\modules-2\files-2.1\org.jetbrains.compose.desktop\desktop-jvm\0.1.0-dev97\8652dd912b3b8b4edfeb379c60757afca13eaa61\desktop-jvm-0.1.0-dev97.jar;C:\Users\bob29\.gradle\caches\modules-2\files-2.1\org.jetbrains.kotlin\kotlin-stdlib-jdk8\1.4.0\e3765b66f0610afc92053ff1a93a87a544fca2b\kotlin-stdlib-jdk8-1.4.0.jar;C:\Users\bob29\.gradle\caches\modules-2\files-2.1\org.jetbrains.kotlin\kotlin-stdlib-jdk7\1.4.0\9cc187c3dfaf6e4001bdf962e3cdadff7690261b\kotlin-stdlib-jdk7-1.4.0.jar;C:\Users\bob29\.gradle\caches\modules-2\files-2.1\org.jetbrains.compose.material\material-desktop\0.1.0-dev97\15f06bcd2345b3bab71556e327c5f3eaf1fe9ba5\material-desktop-0.1.0-dev97.jar;C:\Users\bob29\.gradle\caches\modules-2\files-2.1\org.jetbrains.compose.foundation\foundation-desktop\0.1.0-dev97\ac81cdb3ef3b43e694a7862e2faed32eee003bc\foundation-desktop-0.1.0-dev97.jar;C:\Users\bob29\.gradle\caches\modules-2\files-2.1\org.jetbrains.compose.animation\animation-desktop\0.1.0-dev97\dcb0ff0c508cf561ccaeb8fd43c615155281f131\animation-desktop-0.1.0-dev97.jar;C:\Users\bob29\.gradle\caches\modules-2\files-2.1\org.jetbrains.compose.foundation\foundation-layout-desktop\0.1.0-dev97\425e3bc8c8e79f42eb2343b4c7ac8a94842299d1\foundation-layout-desktop-0.1.0-dev97.jar;C:\Users\bob29\.gradle\caches\modules-2\files-2.1\org.jetbrains.compose.foundation\foundation-text-desktop\0.1.0-dev97\c8f78df6ced9d841da7ebc9872edd80d3fe7ca0d\foundation-text-desktop-0.1.0-dev97.jar;C:\Users\bob29\.gradle\caches\modules-2\files-2.1\org.jetbrains.compose.material\material-icons-core-desktop\0.1.0-dev97\3530bc846f8740873feb141e3b275dd4f2959a68\material-icons-core-desktop-0.1.0-dev97.jar;C:\Users\bob29\.gradle\caches\modules-2\files-2.1\org.jetbrains.compose.ui\ui-desktop\0.1.0-dev97\d73e1857fd7e56109
Launcher Type: SUN_STANDARD

[Global flags]
     intx CICompilerCount                          = 3                                         {product} {ergonomic}
     uint ConcGCThreads                            = 1                                         {product} {ergonomic}
     uint G1ConcRefinementThreads                  = 4                                         {product} {ergonomic}
   size_t G1HeapRegionSize                         = 2097152                                   {product} {ergonomic}
    uintx GCDrainStackTargetSize                   = 64                                        {product} {ergonomic}
   size_t InitialHeapSize                          = 536870912                                 {product} {ergonomic}
   size_t MarkStackSize                            = 4194304                                   {product} {ergonomic}
   size_t MaxHeapSize                              = 8575254528                                {product} {ergonomic}
   size_t MaxNewSize                               = 5144313856                                {product} {ergonomic}
   size_t MinHeapDeltaBytes                        = 2097152                                   {product} {ergonomic}
    uintx NonNMethodCodeHeapSize                   = 5830732                                {pd product} {ergonomic}
    uintx NonProfiledCodeHeapSize                  = 122913754                              {pd product} {ergonomic}
    uintx ProfiledCodeHeapSize                     = 122913754                              {pd product} {ergonomic}
    uintx ReservedCodeCacheSize                    = 251658240                              {pd product} {ergonomic}
     bool SegmentedCodeCache                       = true                                      {product} {ergonomic}
     bool UseCompressedClassPointers               = true                                 {lp64_product} {ergonomic}
     bool UseCompressedOops                        = true                                 {lp64_product} {ergonomic}
     bool UseG1GC                                  = true                                      {product} {ergonomic}
     bool UseLargePagesIndividualAllocation        = false                                  {pd product} {ergonomic}

Logging:
Log output configuration:
 #0: stdout all=warning uptime,level,tags
 #1: stderr all=off uptime,level,tags

Environment Variables:
PATH=C:\Program Files\Common Files\Oracle\Java\javapath;C:\Program Files (x86)\Common Files\Oracle\Java\javapath;C:\WINDOWS\system32;C:\WINDOWS;C:\WINDOWS\System32\Wbem;C:\WINDOWS\System32\WindowsPowerShell\v1.0\;C:\WINDOWS\System32\OpenSSH\;C:\Program Files\Git\cmd;C:\Program Files (x86)\NVIDIA Corporation\PhysX\Common;C:\Program Files\NVIDIA Corporation\NVIDIA NvDLISR;D:\Gradle\gradle-6.6.1\bin;D:\Android\sdk\platform-tools;D:\Android\sdk\tools;;C:\WINDOWS\system32;C:\WINDOWS;C:\WINDOWS\System32\Wbem;C:\WINDOWS\System32\WindowsPowerShell\v1.0\;C:\WINDOWS\System32\OpenSSH\;C:\Users\bob29\AppData\Local\Microsoft\WindowsApps;D:\Flutter\flutter\bin;
USERNAME=bob29
OS=Windows_NT
PROCESSOR_IDENTIFIER=Intel64 Family 6 Model 94 Stepping 3, GenuineIntel



---------------  S Y S T E M  ---------------

OS: Windows 10 , 64 bit Build 19041 (10.0.19041.546)

CPU:total 4 (initial active 4) (4 cores per cpu, 1 threads per core) family 6 model 94 stepping 3, cmov, cx8, fxsr, mmx, sse, sse2, sse3, ssse3, sse4.1, sse4.2, popcnt, avx, avx2, aes, clmul, erms, rtm, 3dnowpref, lzcnt, tsc, tscinvbit, bmi1, bmi2, adx, fma

Memory: 4k page, system-wide physical 32711M (22423M free)
TotalPageFile size 37575M (AvailPageFile size 24089M)
current process WorkingSet (physical memory assigned to process): 199M, peak: 199M
current process commit charge ("private bytes"): 753M, peak: 753M

vm_info: Java HotSpot(TM) 64-Bit Server VM (11.0.8+10-LTS) for windows-amd64 JRE (11.0.8+10-LTS), built on Jun 16 2020 05:53:08 by "mach5one" with unknown MS VC++:1916

END.
